Using pre-set license
Built from '2021.1/staging' branch; Version is '2021.1.0b3 (202fb86be42c) revision 2109368'; Using compiler version '192528614'; Build Type 'Release'
OS: 'Windows 10 Pro; OS build 22621.2283; Version 2009; 64bit' Language: 'pt' Physical Memory: 16144 MB
BatchMode: 1, IsHumanControllingUs: 0, StartBugReporterOnCrash: 0, Is64bit: 1, IsPro: 0

 COMMAND LINE ARGUMENTS:
C:\Program Files\Unity\Hub\Editor\2021.1.0b3-x86_64\Editor\Unity.exe
-adb2
-batchMode
-noUpm
-name
AssetImportWorker1
-projectPath
C:/Users/b.ferrari/Documents/Git/Repositorios/TCC-Finance
-logFile
Logs/AssetImportWorker1.log
-srvPort
50033
Successfully changed project path to: C:/Users/b.ferrari/Documents/Git/Repositorios/TCC-Finance
C:/Users/b.ferrari/Documents/Git/Repositorios/TCC-Finance
Using Asset Import Pipeline V2.
Refreshing native plugins compatible for Editor in 137.33 ms, found 2 plugins.
Preloading 0 native plugins for Editor in 0.00 ms.
Initialize engine version: 2021.1.0b3 (202fb86be42c)
[Subsystems] Discovering subsystems at path C:/Program Files/Unity/Hub/Editor/2021.1.0b3-x86_64/Editor/Data/Resources/UnitySubsystems
[Subsystems] Discovering subsystems at path C:/Users/b.ferrari/Documents/Git/Repositorios/TCC-Finance/Assets
GfxDevice: creating device client; threaded=0; jobified=0
Direct3D:
    Version:  Direct3D 11.0 [level 11.1]
    Renderer: NVIDIA GeForce MX230 (ID=0x1d11)
    Vendor:   NVIDIA
    VRAM:     1982 MB
    Driver:   31.0.15.3209
Shader 'Universal Render Pipeline/Particles/Lit': fallback shader 'Universal Render Pipeline/Particles/SimpleLit' not found
Initialize mono
Mono path[0] = 'C:/Program Files/Unity/Hub/Editor/2021.1.0b3-x86_64/Editor/Data/Managed'
Mono path[1] = 'C:/Program Files/Unity/Hub/Editor/2021.1.0b3-x86_64/Editor/Data/MonoBleedingEdge/lib/mono/unityjit'
Mono config path = 'C:/Program Files/Unity/Hub/Editor/2021.1.0b3-x86_64/Editor/Data/MonoBleedingEdge/etc'
Using monoOptions --debugger-agent=transport=dt_socket,embedding=1,server=y,suspend=n,address=127.0.0.1:56036
Begin MonoManager ReloadAssembly
Registering precompiled unity dll's ...
Register platform support module: C:/Program Files/Unity/Hub/Editor/2021.1.0b3-x86_64/Editor/Data/PlaybackEngines/WindowsStandaloneSupport/UnityEditor.WindowsStandalone.Extensions.dll
Registered in 0.001453 seconds.
Native extension for WindowsStandalone target not found
Refreshing native plugins compatible for Editor in 142.28 ms, found 2 plugins.
Preloading 0 native plugins for Editor in 0.00 ms.
Mono: successfully reloaded assembly
- Completed reload, in  1.361 seconds
Platform modules already initialized, skipping
Registering precompiled user dll's ...
Registered in 0.003369 seconds.
Begin MonoManager ReloadAssembly
Native extension for WindowsStandalone target not found
Refreshing native plugins compatible for Editor in 162.10 ms, found 2 plugins.
Preloading 0 native plugins for Editor in 0.00 ms.
Mono: successfully reloaded assembly
- Completed reload, in  1.457 seconds
Platform modules already initialized, skipping
========================================================================
Worker process is ready to serve import requests
Shader 'Universal Render Pipeline/Particles/Lit': fallback shader 'Universal Render Pipeline/Particles/SimpleLit' not found
Launched and connected shader compiler UnityShaderCompiler.exe after 0.04 seconds
Refreshing native plugins compatible for Editor in 1.07 ms, found 2 plugins.
Preloading 0 native plugins for Editor in 0.00 ms.
Unloading 4571 Unused Serialized files (Serialized files now loaded: 0)
System memory in use before: 304.4 MB.
System memory in use after: 304.5 MB.

Unloading 45 unused Assets to reduce memory usage. Loaded Objects now: 5007.
Total: 6.466100 ms (FindLiveObjects: 0.849100 ms CreateObjectMapping: 0.623700 ms MarkObjects: 4.755400 ms  DeleteObjects: 0.235900 ms)

========================================================================
Received Import Request.
  path: Assets/Scripts/EventHandler.cs
  artifactKey: Guid(2fbb5caaa2568284792b7cfd86721377) Importer(815301076,1909f56bfc062723c751e8b465ee728b)
Start importing Assets/Scripts/EventHandler.cs using Guid(2fbb5caaa2568284792b7cfd86721377) Importer(815301076,1909f56bfc062723c751e8b465ee728b)  -> (artifact id: 'f4c68e2b42a00482784f2e3d6c8c8f28') in 0.873113 seconds 
========================================================================
Received Import Request.
  Time since last request: 0.015672 seconds.
  path: Assets/Scenes/Main Game.unity
  artifactKey: Guid(2cda990e2423bbf4892e6590ba056729) Importer(815301076,1909f56bfc062723c751e8b465ee728b)
Start importing Assets/Scenes/Main Game.unity using Guid(2cda990e2423bbf4892e6590ba056729) Importer(815301076,1909f56bfc062723c751e8b465ee728b)  -> (artifact id: '8678dbce202e09c4a956a2572fd47b4a') in 0.032987 seconds 
========================================================================
Received Import Request.
  Time since last request: 36.225972 seconds.
  path: Assets/Scripts/EventHandler.cs
  artifactKey: Guid(2fbb5caaa2568284792b7cfd86721377) Importer(815301076,1909f56bfc062723c751e8b465ee728b)
Start importing Assets/Scripts/EventHandler.cs using Guid(2fbb5caaa2568284792b7cfd86721377) Importer(815301076,1909f56bfc062723c751e8b465ee728b)  -> (artifact id: '8fe65ed1b14d85446b9ac8ea4d7dad0d') in 0.003814 seconds 
========================================================================
Received Prepare
Registering precompiled user dll's ...
Registered in 0.003173 seconds.
Begin MonoManager ReloadAssembly
Native extension for WindowsStandalone target not found
Refreshing native plugins compatible for Editor in 1.36 ms, found 2 plugins.
Preloading 0 native plugins for Editor in 0.00 ms.
Mono: successfully reloaded assembly
- Completed reload, in  1.056 seconds
Platform modules already initialized, skipping
Shader 'Universal Render Pipeline/Particles/Lit': fallback shader 'Universal Render Pipeline/Particles/SimpleLit' not found
Refreshing native plugins compatible for Editor in 0.90 ms, found 2 plugins.
Preloading 0 native plugins for Editor in 0.00 ms.
Unloading 4498 Unused Serialized files (Serialized files now loaded: 0)
System memory in use before: 299.2 MB.
System memory in use after: 299.3 MB.

Unloading 33 unused Assets to reduce memory usage. Loaded Objects now: 5010.
Total: 3.922000 ms (FindLiveObjects: 0.459000 ms CreateObjectMapping: 0.221500 ms MarkObjects: 3.118500 ms  DeleteObjects: 0.121400 ms)

========================================================================
Received Prepare
Registering precompiled user dll's ...
Registered in 0.003191 seconds.
Begin MonoManager ReloadAssembly
Native extension for WindowsStandalone target not found
Refreshing native plugins compatible for Editor in 0.94 ms, found 2 plugins.
Preloading 0 native plugins for Editor in 0.00 ms.
Mono: successfully reloaded assembly
- Completed reload, in  0.971 seconds
Platform modules already initialized, skipping
Shader 'Universal Render Pipeline/Particles/Lit': fallback shader 'Universal Render Pipeline/Particles/SimpleLit' not found
Refreshing native plugins compatible for Editor in 0.93 ms, found 2 plugins.
Preloading 0 native plugins for Editor in 0.00 ms.
Unloading 4498 Unused Serialized files (Serialized files now loaded: 0)
System memory in use before: 299.2 MB.
System memory in use after: 299.4 MB.

Unloading 33 unused Assets to reduce memory usage. Loaded Objects now: 5013.
Total: 3.608700 ms (FindLiveObjects: 0.529500 ms CreateObjectMapping: 0.310000 ms MarkObjects: 2.626200 ms  DeleteObjects: 0.141900 ms)

========================================================================
Received Prepare
Registering precompiled user dll's ...
Registered in 0.003155 seconds.
Begin MonoManager ReloadAssembly
Native extension for WindowsStandalone target not found
Refreshing native plugins compatible for Editor in 1.06 ms, found 2 plugins.
Preloading 0 native plugins for Editor in 0.00 ms.
Mono: successfully reloaded assembly
- Completed reload, in  0.935 seconds
Platform modules already initialized, skipping
Shader 'Universal Render Pipeline/Particles/Lit': fallback shader 'Universal Render Pipeline/Particles/SimpleLit' not found
Refreshing native plugins compatible for Editor in 0.91 ms, found 2 plugins.
Preloading 0 native plugins for Editor in 0.00 ms.
Unloading 4498 Unused Serialized files (Serialized files now loaded: 0)
System memory in use before: 299.3 MB.
System memory in use after: 299.4 MB.

Unloading 33 unused Assets to reduce memory usage. Loaded Objects now: 5016.
Total: 3.357700 ms (FindLiveObjects: 0.487000 ms CreateObjectMapping: 0.260600 ms MarkObjects: 2.460700 ms  DeleteObjects: 0.147700 ms)

========================================================================
Received Import Request.
  Time since last request: 1333.013627 seconds.
  path: Assets/Scripts/TimeHandler.cs
  artifactKey: Guid(b482f2b75b01a744085d35a6414a6af8) Importer(815301076,1909f56bfc062723c751e8b465ee728b)
Start importing Assets/Scripts/TimeHandler.cs using Guid(b482f2b75b01a744085d35a6414a6af8) Importer(815301076,1909f56bfc062723c751e8b465ee728b)  -> (artifact id: '19909816a3c3a674596590b6876f018a') in 0.013719 seconds 
========================================================================
Received Import Request.
  Time since last request: 351.119813 seconds.
  path: Assets/Scripts/UIHandler.cs
  artifactKey: Guid(5457f3e5f9fa13a4c9fe3138f9620524) Importer(815301076,1909f56bfc062723c751e8b465ee728b)
Start importing Assets/Scripts/UIHandler.cs using Guid(5457f3e5f9fa13a4c9fe3138f9620524) Importer(815301076,1909f56bfc062723c751e8b465ee728b)  -> (artifact id: '5d831c31755daef4866b842e2928ff75') in 0.203402 seconds 
========================================================================
Received Prepare
Registering precompiled user dll's ...
Registered in 0.003052 seconds.
Begin MonoManager ReloadAssembly
Native extension for WindowsStandalone target not found
Refreshing native plugins compatible for Editor in 1.10 ms, found 2 plugins.
Preloading 0 native plugins for Editor in 0.00 ms.
Mono: successfully reloaded assembly
- Completed reload, in  1.142 seconds
Platform modules already initialized, skipping
Shader 'Universal Render Pipeline/Particles/Lit': fallback shader 'Universal Render Pipeline/Particles/SimpleLit' not found
Refreshing native plugins compatible for Editor in 0.96 ms, found 2 plugins.
Preloading 0 native plugins for Editor in 0.00 ms.
Unloading 4498 Unused Serialized files (Serialized files now loaded: 0)
System memory in use before: 299.3 MB.
System memory in use after: 299.5 MB.

Unloading 33 unused Assets to reduce memory usage. Loaded Objects now: 5019.
Total: 7.209000 ms (FindLiveObjects: 0.673200 ms CreateObjectMapping: 0.612000 ms MarkObjects: 5.651200 ms  DeleteObjects: 0.270300 ms)

========================================================================
Received Prepare
Registering precompiled user dll's ...
Registered in 0.002802 seconds.
Begin MonoManager ReloadAssembly
Native extension for WindowsStandalone target not found
Refreshing native plugins compatible for Editor in 0.99 ms, found 2 plugins.
Preloading 0 native plugins for Editor in 0.00 ms.
Mono: successfully reloaded assembly
- Completed reload, in  1.082 seconds
Platform modules already initialized, skipping
Shader 'Universal Render Pipeline/Particles/Lit': fallback shader 'Universal Render Pipeline/Particles/SimpleLit' not found
Refreshing native plugins compatible for Editor in 0.94 ms, found 2 plugins.
Preloading 0 native plugins for Editor in 0.00 ms.
Unloading 4498 Unused Serialized files (Serialized files now loaded: 0)
System memory in use before: 299.3 MB.
System memory in use after: 299.5 MB.

Unloading 33 unused Assets to reduce memory usage. Loaded Objects now: 5022.
Total: 5.826300 ms (FindLiveObjects: 0.737100 ms CreateObjectMapping: 0.642100 ms MarkObjects: 4.244700 ms  DeleteObjects: 0.200000 ms)

========================================================================
Received Prepare
Registering precompiled user dll's ...
Registered in 0.028894 seconds.
Begin MonoManager ReloadAssembly
Native extension for WindowsStandalone target not found
Refreshing native plugins compatible for Editor in 0.92 ms, found 2 plugins.
Preloading 0 native plugins for Editor in 0.00 ms.
Mono: successfully reloaded assembly
- Completed reload, in  1.253 seconds
Platform modules already initialized, skipping
Shader 'Universal Render Pipeline/Particles/Lit': fallback shader 'Universal Render Pipeline/Particles/SimpleLit' not found
Refreshing native plugins compatible for Editor in 0.88 ms, found 2 plugins.
Preloading 0 native plugins for Editor in 0.00 ms.
Unloading 4498 Unused Serialized files (Serialized files now loaded: 0)
System memory in use before: 299.3 MB.
System memory in use after: 299.5 MB.

Unloading 33 unused Assets to reduce memory usage. Loaded Objects now: 5025.
Total: 3.696900 ms (FindLiveObjects: 0.472200 ms CreateObjectMapping: 0.454400 ms MarkObjects: 2.613100 ms  DeleteObjects: 0.156300 ms)

========================================================================
Received Prepare
Registering precompiled user dll's ...
Registered in 0.005142 seconds.
Begin MonoManager ReloadAssembly
Native extension for WindowsStandalone target not found
Refreshing native plugins compatible for Editor in 1.14 ms, found 2 plugins.
Preloading 0 native plugins for Editor in 0.00 ms.
Mono: successfully reloaded assembly
- Completed reload, in  1.236 seconds
Platform modules already initialized, skipping
Shader 'Universal Render Pipeline/Particles/Lit': fallback shader 'Universal Render Pipeline/Particles/SimpleLit' not found
Refreshing native plugins compatible for Editor in 1.01 ms, found 2 plugins.
Preloading 0 native plugins for Editor in 0.00 ms.
Unloading 4498 Unused Serialized files (Serialized files now loaded: 0)
System memory in use before: 299.4 MB.
System memory in use after: 299.5 MB.

Unloading 33 unused Assets to reduce memory usage. Loaded Objects now: 5028.
Total: 5.355100 ms (FindLiveObjects: 0.683000 ms CreateObjectMapping: 0.698400 ms MarkObjects: 3.789800 ms  DeleteObjects: 0.181800 ms)

========================================================================
Received Import Request.
  Time since last request: 309.163910 seconds.
  path: Assets/Image/Bed.png
  artifactKey: Guid(07c756f00453bfa4a94d1466ce88cf19) Importer(815301076,1909f56bfc062723c751e8b465ee728b)
Start importing Assets/Image/Bed.png using Guid(07c756f00453bfa4a94d1466ce88cf19) Importer(815301076,1909f56bfc062723c751e8b465ee728b)  -> (artifact id: '5f32181ef8e7e16c56313b29248ecc13') in 0.196908 seconds 
========================================================================
Received Import Request.
  Time since last request: 0.013651 seconds.
  path: Assets/TileMap/Assets/Bed5.asset
  artifactKey: Guid(e4b6461f8ea3df54a98d5a08cb57915c) Importer(815301076,1909f56bfc062723c751e8b465ee728b)
Start importing Assets/TileMap/Assets/Bed5.asset using Guid(e4b6461f8ea3df54a98d5a08cb57915c) Importer(815301076,1909f56bfc062723c751e8b465ee728b)  -> (artifact id: '8ebe154d44d04b9effb429ada8d702d4') in 0.030902 seconds 
========================================================================
Received Import Request.
  Time since last request: 0.015416 seconds.
  path: Assets/TileMap/Assets/Bed3.asset
  artifactKey: Guid(3980ff97fcf3b934fa70147624ec1daa) Importer(815301076,1909f56bfc062723c751e8b465ee728b)
Start importing Assets/TileMap/Assets/Bed3.asset using Guid(3980ff97fcf3b934fa70147624ec1daa) Importer(815301076,1909f56bfc062723c751e8b465ee728b)  -> (artifact id: '594ffe0433dfbe5266e9effdfba67a63') in 0.017230 seconds 
========================================================================
Received Import Request.
  Time since last request: 0.016405 seconds.
  path: Assets/TileMap/Assets/Bed2.asset
  artifactKey: Guid(5ac1b78317d5be84aa564fb2824caa47) Importer(815301076,1909f56bfc062723c751e8b465ee728b)
Start importing Assets/TileMap/Assets/Bed2.asset using Guid(5ac1b78317d5be84aa564fb2824caa47) Importer(815301076,1909f56bfc062723c751e8b465ee728b)  -> (artifact id: '2cfd1ff81b336eb082165bb7ba814817') in 0.022901 seconds 
========================================================================
Received Import Request.
  Time since last request: 0.016949 seconds.
  path: Assets/TileMap/Assets/Bed4.asset
  artifactKey: Guid(8810f467778732942bf097f4e5b777b6) Importer(815301076,1909f56bfc062723c751e8b465ee728b)
Start importing Assets/TileMap/Assets/Bed4.asset using Guid(8810f467778732942bf097f4e5b777b6) Importer(815301076,1909f56bfc062723c751e8b465ee728b)  -> (artifact id: '548f2f234ab87c593e9ecff4abfe853e') in 0.015562 seconds 
========================================================================
Received Import Request.
  Time since last request: 0.016217 seconds.
  path: Assets/TileMap/Assets/Bed1.asset
  artifactKey: Guid(ba9b04299932e22469e85d6960afdbcf) Importer(815301076,1909f56bfc062723c751e8b465ee728b)
Start importing Assets/TileMap/Assets/Bed1.asset using Guid(ba9b04299932e22469e85d6960afdbcf) Importer(815301076,1909f56bfc062723c751e8b465ee728b)  -> (artifact id: '8b61f2bdfca2a5a2161a6fc0854083d9') in 0.029152 seconds 
========================================================================
Received Prepare
Registering precompiled user dll's ...
Registered in 0.003283 seconds.
Begin MonoManager ReloadAssembly
Native extension for WindowsStandalone target not found
Refreshing native plugins compatible for Editor in 0.83 ms, found 2 plugins.
Preloading 0 native plugins for Editor in 0.00 ms.
Mono: successfully reloaded assembly
- Completed reload, in  0.967 seconds
Platform modules already initialized, skipping
Shader 'Universal Render Pipeline/Particles/Lit': fallback shader 'Universal Render Pipeline/Particles/SimpleLit' not found
Refreshing native plugins compatible for Editor in 0.93 ms, found 2 plugins.
Preloading 0 native plugins for Editor in 0.00 ms.
Unloading 4499 Unused Serialized files (Serialized files now loaded: 0)
System memory in use before: 305.0 MB.
System memory in use after: 305.1 MB.

Unloading 33 unused Assets to reduce memory usage. Loaded Objects now: 5055.
Total: 6.144100 ms (FindLiveObjects: 0.631000 ms CreateObjectMapping: 0.553400 ms MarkObjects: 4.767200 ms  DeleteObjects: 0.189600 ms)

========================================================================
Received Prepare
Registering precompiled user dll's ...
Registered in 0.002967 seconds.
Begin MonoManager ReloadAssembly
Native extension for WindowsStandalone target not found
Refreshing native plugins compatible for Editor in 1.03 ms, found 2 plugins.
Preloading 0 native plugins for Editor in 0.00 ms.
Mono: successfully reloaded assembly
- Completed reload, in  0.991 seconds
Platform modules already initialized, skipping
Shader 'Universal Render Pipeline/Particles/Lit': fallback shader 'Universal Render Pipeline/Particles/SimpleLit' not found
Refreshing native plugins compatible for Editor in 0.89 ms, found 2 plugins.
Preloading 0 native plugins for Editor in 0.00 ms.
Unloading 4498 Unused Serialized files (Serialized files now loaded: 0)
System memory in use before: 304.9 MB.
System memory in use after: 305.1 MB.

Unloading 33 unused Assets to reduce memory usage. Loaded Objects now: 5058.
Total: 3.776800 ms (FindLiveObjects: 0.555000 ms CreateObjectMapping: 0.343700 ms MarkObjects: 2.734700 ms  DeleteObjects: 0.142400 ms)

========================================================================
Received Prepare
Registering precompiled user dll's ...
Registered in 0.003338 seconds.
Begin MonoManager ReloadAssembly
Native extension for WindowsStandalone target not found
Refreshing native plugins compatible for Editor in 0.95 ms, found 2 plugins.
Preloading 0 native plugins for Editor in 0.00 ms.
Mono: successfully reloaded assembly
- Completed reload, in  1.071 seconds
Platform modules already initialized, skipping
Shader 'Universal Render Pipeline/Particles/Lit': fallback shader 'Universal Render Pipeline/Particles/SimpleLit' not found
Refreshing native plugins compatible for Editor in 1.14 ms, found 2 plugins.
Preloading 0 native plugins for Editor in 0.00 ms.
Unloading 4498 Unused Serialized files (Serialized files now loaded: 0)
System memory in use before: 305.0 MB.
System memory in use after: 305.1 MB.

Unloading 33 unused Assets to reduce memory usage. Loaded Objects now: 5061.
Total: 4.942700 ms (FindLiveObjects: 0.772000 ms CreateObjectMapping: 0.425000 ms MarkObjects: 3.605700 ms  DeleteObjects: 0.138400 ms)

========================================================================
Received Prepare
Registering precompiled user dll's ...
Registered in 0.003236 seconds.
Begin MonoManager ReloadAssembly
Native extension for WindowsStandalone target not found
Refreshing native plugins compatible for Editor in 0.97 ms, found 2 plugins.
Preloading 0 native plugins for Editor in 0.00 ms.
Mono: successfully reloaded assembly
- Completed reload, in  1.066 seconds
Platform modules already initialized, skipping
Shader 'Universal Render Pipeline/Particles/Lit': fallback shader 'Universal Render Pipeline/Particles/SimpleLit' not found
Refreshing native plugins compatible for Editor in 1.87 ms, found 2 plugins.
Preloading 0 native plugins for Editor in 0.00 ms.
Unloading 4498 Unused Serialized files (Serialized files now loaded: 0)
System memory in use before: 305.0 MB.
System memory in use after: 305.1 MB.

Unloading 33 unused Assets to reduce memory usage. Loaded Objects now: 5064.
Total: 3.956300 ms (FindLiveObjects: 0.602400 ms CreateObjectMapping: 0.386600 ms MarkObjects: 2.847500 ms  DeleteObjects: 0.118600 ms)

========================================================================
Received Prepare
Registering precompiled user dll's ...
Registered in 0.003152 seconds.
Begin MonoManager ReloadAssembly
Native extension for WindowsStandalone target not found
Refreshing native plugins compatible for Editor in 0.93 ms, found 2 plugins.
Preloading 0 native plugins for Editor in 0.00 ms.
Mono: successfully reloaded assembly
- Completed reload, in  1.113 seconds
Platform modules already initialized, skipping
Shader 'Universal Render Pipeline/Particles/Lit': fallback shader 'Universal Render Pipeline/Particles/SimpleLit' not found
Refreshing native plugins compatible for Editor in 0.87 ms, found 2 plugins.
Preloading 0 native plugins for Editor in 0.00 ms.
Unloading 4498 Unused Serialized files (Serialized files now loaded: 0)
System memory in use before: 305.0 MB.
System memory in use after: 305.1 MB.

Unloading 33 unused Assets to reduce memory usage. Loaded Objects now: 5067.
Total: 3.625100 ms (FindLiveObjects: 0.446000 ms CreateObjectMapping: 0.305500 ms MarkObjects: 2.734600 ms  DeleteObjects: 0.138200 ms)

========================================================================
Received Prepare
Registering precompiled user dll's ...
Registered in 0.003155 seconds.
Begin MonoManager ReloadAssembly
Native extension for WindowsStandalone target not found
Refreshing native plugins compatible for Editor in 2.55 ms, found 2 plugins.
Preloading 0 native plugins for Editor in 0.00 ms.
Mono: successfully reloaded assembly
- Completed reload, in  1.001 seconds
Platform modules already initialized, skipping
Shader 'Universal Render Pipeline/Particles/Lit': fallback shader 'Universal Render Pipeline/Particles/SimpleLit' not found
Refreshing native plugins compatible for Editor in 0.89 ms, found 2 plugins.
Preloading 0 native plugins for Editor in 0.00 ms.
Unloading 4498 Unused Serialized files (Serialized files now loaded: 0)
System memory in use before: 305.0 MB.
System memory in use after: 305.1 MB.

Unloading 33 unused Assets to reduce memory usage. Loaded Objects now: 5070.
Total: 4.910700 ms (FindLiveObjects: 0.767200 ms CreateObjectMapping: 0.404800 ms MarkObjects: 3.527000 ms  DeleteObjects: 0.210100 ms)

========================================================================
Received Prepare
Registering precompiled user dll's ...
Registered in 0.004591 seconds.
Begin MonoManager ReloadAssembly
Native extension for WindowsStandalone target not found
Refreshing native plugins compatible for Editor in 1.33 ms, found 2 plugins.
Preloading 0 native plugins for Editor in 0.00 ms.
Mono: successfully reloaded assembly
- Completed reload, in  1.924 seconds
Platform modules already initialized, skipping
Shader 'Universal Render Pipeline/Particles/Lit': fallback shader 'Universal Render Pipeline/Particles/SimpleLit' not found
Refreshing native plugins compatible for Editor in 1.93 ms, found 2 plugins.
Preloading 0 native plugins for Editor in 0.00 ms.
Unloading 4498 Unused Serialized files (Serialized files now loaded: 0)
System memory in use before: 305.0 MB.
System memory in use after: 305.1 MB.

Unloading 33 unused Assets to reduce memory usage. Loaded Objects now: 5073.
Total: 4.720500 ms (FindLiveObjects: 0.490700 ms CreateObjectMapping: 0.382500 ms MarkObjects: 3.687400 ms  DeleteObjects: 0.158400 ms)

========================================================================
Received Prepare
Registering precompiled user dll's ...
Registered in 0.003259 seconds.
Begin MonoManager ReloadAssembly
Native extension for WindowsStandalone target not found
Refreshing native plugins compatible for Editor in 1.07 ms, found 2 plugins.
Preloading 0 native plugins for Editor in 0.00 ms.
Mono: successfully reloaded assembly
- Completed reload, in  1.289 seconds
Platform modules already initialized, skipping
Shader 'Universal Render Pipeline/Particles/Lit': fallback shader 'Universal Render Pipeline/Particles/SimpleLit' not found
Refreshing native plugins compatible for Editor in 1.07 ms, found 2 plugins.
Preloading 0 native plugins for Editor in 0.00 ms.
Unloading 4498 Unused Serialized files (Serialized files now loaded: 0)
System memory in use before: 305.0 MB.
System memory in use after: 305.1 MB.

Unloading 33 unused Assets to reduce memory usage. Loaded Objects now: 5076.
Total: 4.939100 ms (FindLiveObjects: 0.627300 ms CreateObjectMapping: 0.691600 ms MarkObjects: 3.464300 ms  DeleteObjects: 0.154200 ms)

========================================================================
Received Prepare
Registering precompiled user dll's ...
Registered in 0.004339 seconds.
Begin MonoManager ReloadAssembly
Native extension for WindowsStandalone target not found
Refreshing native plugins compatible for Editor in 0.94 ms, found 2 plugins.
Preloading 0 native plugins for Editor in 0.00 ms.
Mono: successfully reloaded assembly
- Completed reload, in  2.040 seconds
Platform modules already initialized, skipping
Shader 'Universal Render Pipeline/Particles/Lit': fallback shader 'Universal Render Pipeline/Particles/SimpleLit' not found
Refreshing native plugins compatible for Editor in 0.93 ms, found 2 plugins.
Preloading 0 native plugins for Editor in 0.00 ms.
Unloading 4498 Unused Serialized files (Serialized files now loaded: 0)
System memory in use before: 305.0 MB.
System memory in use after: 305.1 MB.

Unloading 33 unused Assets to reduce memory usage. Loaded Objects now: 5079.
Total: 3.035400 ms (FindLiveObjects: 0.397000 ms CreateObjectMapping: 0.291800 ms MarkObjects: 2.208900 ms  DeleteObjects: 0.136300 ms)

========================================================================
Received Prepare
Registering precompiled user dll's ...
Registered in 0.002962 seconds.
Begin MonoManager ReloadAssembly
Native extension for WindowsStandalone target not found
Refreshing native plugins compatible for Editor in 3.08 ms, found 2 plugins.
Preloading 0 native plugins for Editor in 0.00 ms.
Mono: successfully reloaded assembly
- Completed reload, in  1.100 seconds
Platform modules already initialized, skipping
Shader 'Universal Render Pipeline/Particles/Lit': fallback shader 'Universal Render Pipeline/Particles/SimpleLit' not found
Refreshing native plugins compatible for Editor in 0.90 ms, found 2 plugins.
Preloading 0 native plugins for Editor in 0.00 ms.
Unloading 4498 Unused Serialized files (Serialized files now loaded: 0)
System memory in use before: 305.0 MB.
System memory in use after: 305.2 MB.

Unloading 33 unused Assets to reduce memory usage. Loaded Objects now: 5082.
Total: 4.544400 ms (FindLiveObjects: 0.813200 ms CreateObjectMapping: 0.505700 ms MarkObjects: 3.078500 ms  DeleteObjects: 0.145900 ms)

========================================================================
Received Prepare
Registering precompiled user dll's ...
Registered in 0.004689 seconds.
Begin MonoManager ReloadAssembly
Native extension for WindowsStandalone target not found
Refreshing native plugins compatible for Editor in 2.92 ms, found 2 plugins.
Preloading 0 native plugins for Editor in 0.00 ms.
Mono: successfully reloaded assembly
- Completed reload, in  1.548 seconds
Platform modules already initialized, skipping
Shader 'Universal Render Pipeline/Particles/Lit': fallback shader 'Universal Render Pipeline/Particles/SimpleLit' not found
Refreshing native plugins compatible for Editor in 1.20 ms, found 2 plugins.
Preloading 0 native plugins for Editor in 0.00 ms.
Unloading 4498 Unused Serialized files (Serialized files now loaded: 0)
System memory in use before: 305.0 MB.
System memory in use after: 305.2 MB.

Unloading 33 unused Assets to reduce memory usage. Loaded Objects now: 5085.
Total: 3.663300 ms (FindLiveObjects: 0.441100 ms CreateObjectMapping: 0.327100 ms MarkObjects: 2.703300 ms  DeleteObjects: 0.190200 ms)

========================================================================
Received Prepare
Registering precompiled user dll's ...
Registered in 0.003088 seconds.
Begin MonoManager ReloadAssembly
Native extension for WindowsStandalone target not found
Refreshing native plugins compatible for Editor in 0.91 ms, found 2 plugins.
Preloading 0 native plugins for Editor in 0.00 ms.
Mono: successfully reloaded assembly
- Completed reload, in  1.097 seconds
Platform modules already initialized, skipping
Shader 'Universal Render Pipeline/Particles/Lit': fallback shader 'Universal Render Pipeline/Particles/SimpleLit' not found
Refreshing native plugins compatible for Editor in 0.90 ms, found 2 plugins.
Preloading 0 native plugins for Editor in 0.00 ms.
Unloading 4498 Unused Serialized files (Serialized files now loaded: 0)
System memory in use before: 305.0 MB.
System memory in use after: 305.2 MB.

Unloading 33 unused Assets to reduce memory usage. Loaded Objects now: 5088.
Total: 5.795100 ms (FindLiveObjects: 0.709200 ms CreateObjectMapping: 1.049200 ms MarkObjects: 3.888300 ms  DeleteObjects: 0.146400 ms)

========================================================================
Received Prepare
Registering precompiled user dll's ...
Registered in 0.003111 seconds.
Begin MonoManager ReloadAssembly
Native extension for WindowsStandalone target not found
Refreshing native plugins compatible for Editor in 0.88 ms, found 2 plugins.
Preloading 0 native plugins for Editor in 0.00 ms.
Mono: successfully reloaded assembly
- Completed reload, in  0.923 seconds
Platform modules already initialized, skipping
Shader 'Universal Render Pipeline/Particles/Lit': fallback shader 'Universal Render Pipeline/Particles/SimpleLit' not found
Refreshing native plugins compatible for Editor in 0.89 ms, found 2 plugins.
Preloading 0 native plugins for Editor in 0.00 ms.
Unloading 4498 Unused Serialized files (Serialized files now loaded: 0)
System memory in use before: 305.1 MB.
System memory in use after: 305.2 MB.

Unloading 33 unused Assets to reduce memory usage. Loaded Objects now: 5091.
Total: 3.798900 ms (FindLiveObjects: 0.444600 ms CreateObjectMapping: 0.377900 ms MarkObjects: 2.812700 ms  DeleteObjects: 0.162600 ms)

========================================================================
Received Prepare
Registering precompiled user dll's ...
Registered in 0.003117 seconds.
Begin MonoManager ReloadAssembly
Native extension for WindowsStandalone target not found
Refreshing native plugins compatible for Editor in 0.89 ms, found 2 plugins.
Preloading 0 native plugins for Editor in 0.00 ms.
Mono: successfully reloaded assembly
- Completed reload, in  0.958 seconds
Platform modules already initialized, skipping
Shader 'Universal Render Pipeline/Particles/Lit': fallback shader 'Universal Render Pipeline/Particles/SimpleLit' not found
Refreshing native plugins compatible for Editor in 0.92 ms, found 2 plugins.
Preloading 0 native plugins for Editor in 0.00 ms.
Unloading 4498 Unused Serialized files (Serialized files now loaded: 0)
System memory in use before: 305.1 MB.
System memory in use after: 305.2 MB.

Unloading 33 unused Assets to reduce memory usage. Loaded Objects now: 5094.
Total: 4.491900 ms (FindLiveObjects: 0.782400 ms CreateObjectMapping: 0.439300 ms MarkObjects: 3.127000 ms  DeleteObjects: 0.141800 ms)

========================================================================
Received Prepare
Registering precompiled user dll's ...
Registered in 0.003210 seconds.
Begin MonoManager ReloadAssembly
Native extension for WindowsStandalone target not found
Refreshing native plugins compatible for Editor in 0.94 ms, found 2 plugins.
Preloading 0 native plugins for Editor in 0.00 ms.
Mono: successfully reloaded assembly
- Completed reload, in  1.000 seconds
Platform modules already initialized, skipping
Shader 'Universal Render Pipeline/Particles/Lit': fallback shader 'Universal Render Pipeline/Particles/SimpleLit' not found
Refreshing native plugins compatible for Editor in 0.95 ms, found 2 plugins.
Preloading 0 native plugins for Editor in 0.00 ms.
Unloading 4498 Unused Serialized files (Serialized files now loaded: 0)
System memory in use before: 305.1 MB.
System memory in use after: 305.2 MB.

Unloading 33 unused Assets to reduce memory usage. Loaded Objects now: 5097.
Total: 4.909800 ms (FindLiveObjects: 0.500200 ms CreateObjectMapping: 0.420700 ms MarkObjects: 3.790500 ms  DeleteObjects: 0.197300 ms)

========================================================================
Received Prepare
Registering precompiled user dll's ...
Registered in 0.003112 seconds.
Begin MonoManager ReloadAssembly
Native extension for WindowsStandalone target not found
Refreshing native plugins compatible for Editor in 0.97 ms, found 2 plugins.
Preloading 0 native plugins for Editor in 0.00 ms.
Mono: successfully reloaded assembly
- Completed reload, in  0.991 seconds
Platform modules already initialized, skipping
Shader 'Universal Render Pipeline/Particles/Lit': fallback shader 'Universal Render Pipeline/Particles/SimpleLit' not found
Refreshing native plugins compatible for Editor in 1.01 ms, found 2 plugins.
Preloading 0 native plugins for Editor in 0.00 ms.
Unloading 4498 Unused Serialized files (Serialized files now loaded: 0)
System memory in use before: 305.1 MB.
System memory in use after: 305.2 MB.

Unloading 33 unused Assets to reduce memory usage. Loaded Objects now: 5100.
Total: 3.511600 ms (FindLiveObjects: 0.466700 ms CreateObjectMapping: 0.326600 ms MarkObjects: 2.562300 ms  DeleteObjects: 0.155000 ms)

========================================================================
Received Prepare
Registering precompiled user dll's ...
Registered in 0.002860 seconds.
Begin MonoManager ReloadAssembly
Native extension for WindowsStandalone target not found
Refreshing native plugins compatible for Editor in 2.07 ms, found 2 plugins.
Preloading 0 native plugins for Editor in 0.00 ms.
Mono: successfully reloaded assembly
- Completed reload, in  1.478 seconds
Platform modules already initialized, skipping
Shader 'Universal Render Pipeline/Particles/Lit': fallback shader 'Universal Render Pipeline/Particles/SimpleLit' not found
Refreshing native plugins compatible for Editor in 0.88 ms, found 2 plugins.
Preloading 0 native plugins for Editor in 0.00 ms.
Unloading 4498 Unused Serialized files (Serialized files now loaded: 0)
System memory in use before: 305.1 MB.
System memory in use after: 305.3 MB.

Unloading 33 unused Assets to reduce memory usage. Loaded Objects now: 5103.
Total: 3.902600 ms (FindLiveObjects: 0.703200 ms CreateObjectMapping: 0.467700 ms MarkObjects: 2.555100 ms  DeleteObjects: 0.173900 ms)

========================================================================
Received Prepare
Registering precompiled user dll's ...
Registered in 0.002821 seconds.
Begin MonoManager ReloadAssembly
Native extension for WindowsStandalone target not found
Refreshing native plugins compatible for Editor in 1.25 ms, found 2 plugins.
Preloading 0 native plugins for Editor in 0.00 ms.
Mono: successfully reloaded assembly
- Completed reload, in  0.905 seconds
Platform modules already initialized, skipping
Shader 'Universal Render Pipeline/Particles/Lit': fallback shader 'Universal Render Pipeline/Particles/SimpleLit' not found
Refreshing native plugins compatible for Editor in 3.28 ms, found 2 plugins.
Preloading 0 native plugins for Editor in 0.00 ms.
Unloading 4498 Unused Serialized files (Serialized files now loaded: 0)
System memory in use before: 305.1 MB.
System memory in use after: 305.3 MB.

Unloading 33 unused Assets to reduce memory usage. Loaded Objects now: 5106.
Total: 3.534900 ms (FindLiveObjects: 0.501400 ms CreateObjectMapping: 0.333100 ms MarkObjects: 2.572000 ms  DeleteObjects: 0.126100 ms)

========================================================================
Received Prepare
Registering precompiled user dll's ...
Registered in 0.004426 seconds.
Begin MonoManager ReloadAssembly
Native extension for WindowsStandalone target not found
Refreshing native plugins compatible for Editor in 1.43 ms, found 2 plugins.
Preloading 0 native plugins for Editor in 0.00 ms.
Mono: successfully reloaded assembly
- Completed reload, in  2.339 seconds
Platform modules already initialized, skipping
Shader 'Universal Render Pipeline/Particles/Lit': fallback shader 'Universal Render Pipeline/Particles/SimpleLit' not found
Refreshing native plugins compatible for Editor in 1.49 ms, found 2 plugins.
Preloading 0 native plugins for Editor in 0.00 ms.
Unloading 4498 Unused Serialized files (Serialized files now loaded: 0)
System memory in use before: 305.1 MB.
System memory in use after: 305.3 MB.

Unloading 33 unused Assets to reduce memory usage. Loaded Objects now: 5109.
Total: 3.195700 ms (FindLiveObjects: 0.433800 ms CreateObjectMapping: 0.318100 ms MarkObjects: 2.322000 ms  DeleteObjects: 0.120600 ms)

========================================================================
Received Prepare
Registering precompiled user dll's ...
Registered in 0.221793 seconds.
Begin MonoManager ReloadAssembly
Native extension for WindowsStandalone target not found
Refreshing native plugins compatible for Editor in 0.98 ms, found 2 plugins.
Preloading 0 native plugins for Editor in 0.00 ms.
Mono: successfully reloaded assembly
- Completed reload, in  1.692 seconds
Platform modules already initialized, skipping
Shader 'Universal Render Pipeline/Particles/Lit': fallback shader 'Universal Render Pipeline/Particles/SimpleLit' not found
Refreshing native plugins compatible for Editor in 0.92 ms, found 2 plugins.
Preloading 0 native plugins for Editor in 0.00 ms.
Unloading 4498 Unused Serialized files (Serialized files now loaded: 0)
System memory in use before: 305.1 MB.
System memory in use after: 305.3 MB.

Unloading 33 unused Assets to reduce memory usage. Loaded Objects now: 5112.
Total: 5.086800 ms (FindLiveObjects: 0.841200 ms CreateObjectMapping: 0.457000 ms MarkObjects: 3.663200 ms  DeleteObjects: 0.123300 ms)

========================================================================
Received Prepare
Registering precompiled user dll's ...
Registered in 0.003158 seconds.
Begin MonoManager ReloadAssembly
Native extension for WindowsStandalone target not found
Refreshing native plugins compatible for Editor in 0.88 ms, found 2 plugins.
Preloading 0 native plugins for Editor in 0.00 ms.
Mono: successfully reloaded assembly
- Completed reload, in  0.912 seconds
Platform modules already initialized, skipping
Shader 'Universal Render Pipeline/Particles/Lit': fallback shader 'Universal Render Pipeline/Particles/SimpleLit' not found
Refreshing native plugins compatible for Editor in 1.76 ms, found 2 plugins.
Preloading 0 native plugins for Editor in 0.00 ms.
Unloading 4498 Unused Serialized files (Serialized files now loaded: 0)
System memory in use before: 305.1 MB.
System memory in use after: 305.3 MB.

Unloading 33 unused Assets to reduce memory usage. Loaded Objects now: 5115.
Total: 3.365200 ms (FindLiveObjects: 0.459900 ms CreateObjectMapping: 0.318900 ms MarkObjects: 2.442300 ms  DeleteObjects: 0.142500 ms)

========================================================================
Received Prepare
Registering precompiled user dll's ...
Registered in 0.004798 seconds.
Begin MonoManager ReloadAssembly
Native extension for WindowsStandalone target not found
Refreshing native plugins compatible for Editor in 1.69 ms, found 2 plugins.
Preloading 0 native plugins for Editor in 0.00 ms.
Mono: successfully reloaded assembly
- Completed reload, in  1.412 seconds
Platform modules already initialized, skipping
Shader 'Universal Render Pipeline/Particles/Lit': fallback shader 'Universal Render Pipeline/Particles/SimpleLit' not found
Refreshing native plugins compatible for Editor in 1.98 ms, found 2 plugins.
Preloading 0 native plugins for Editor in 0.00 ms.
Unloading 4498 Unused Serialized files (Serialized files now loaded: 0)
System memory in use before: 305.2 MB.
System memory in use after: 305.3 MB.

Unloading 33 unused Assets to reduce memory usage. Loaded Objects now: 5118.
Total: 5.317900 ms (FindLiveObjects: 0.613700 ms CreateObjectMapping: 0.404900 ms MarkObjects: 4.149600 ms  DeleteObjects: 0.147900 ms)

========================================================================
Received Prepare
Registering precompiled user dll's ...
Registered in 0.003124 seconds.
Begin MonoManager ReloadAssembly
Native extension for WindowsStandalone target not found
Refreshing native plugins compatible for Editor in 0.96 ms, found 2 plugins.
Preloading 0 native plugins for Editor in 0.00 ms.
Mono: successfully reloaded assembly
- Completed reload, in  1.030 seconds
Platform modules already initialized, skipping
Shader 'Universal Render Pipeline/Particles/Lit': fallback shader 'Universal Render Pipeline/Particles/SimpleLit' not found
Refreshing native plugins compatible for Editor in 0.92 ms, found 2 plugins.
Preloading 0 native plugins for Editor in 0.00 ms.
Unloading 4498 Unused Serialized files (Serialized files now loaded: 0)
System memory in use before: 305.2 MB.
System memory in use after: 305.3 MB.

Unloading 33 unused Assets to reduce memory usage. Loaded Objects now: 5121.
Total: 3.786700 ms (FindLiveObjects: 0.641400 ms CreateObjectMapping: 0.289000 ms MarkObjects: 2.676700 ms  DeleteObjects: 0.177700 ms)

========================================================================
Received Prepare
Registering precompiled user dll's ...
Registered in 0.003025 seconds.
Begin MonoManager ReloadAssembly
Native extension for WindowsStandalone target not found
Refreshing native plugins compatible for Editor in 0.93 ms, found 2 plugins.
Preloading 0 native plugins for Editor in 0.00 ms.
Mono: successfully reloaded assembly
- Completed reload, in  0.997 seconds
Platform modules already initialized, skipping
Shader 'Universal Render Pipeline/Particles/Lit': fallback shader 'Universal Render Pipeline/Particles/SimpleLit' not found
Refreshing native plugins compatible for Editor in 0.94 ms, found 2 plugins.
Preloading 0 native plugins for Editor in 0.00 ms.
Unloading 4498 Unused Serialized files (Serialized files now loaded: 0)
System memory in use before: 305.2 MB.
System memory in use after: 305.3 MB.

Unloading 33 unused Assets to reduce memory usage. Loaded Objects now: 5124.
Total: 4.539900 ms (FindLiveObjects: 0.471200 ms CreateObjectMapping: 0.315600 ms MarkObjects: 3.603200 ms  DeleteObjects: 0.148100 ms)

========================================================================
Received Prepare
Registering precompiled user dll's ...
Registered in 0.003078 seconds.
Begin MonoManager ReloadAssembly
Native extension for WindowsStandalone target not found
Refreshing native plugins compatible for Editor in 0.98 ms, found 2 plugins.
Preloading 0 native plugins for Editor in 0.00 ms.
Mono: successfully reloaded assembly
- Completed reload, in  1.237 seconds
Platform modules already initialized, skipping
Shader 'Universal Render Pipeline/Particles/Lit': fallback shader 'Universal Render Pipeline/Particles/SimpleLit' not found
Refreshing native plugins compatible for Editor in 1.10 ms, found 2 plugins.
Preloading 0 native plugins for Editor in 0.00 ms.
Unloading 4498 Unused Serialized files (Serialized files now loaded: 0)
System memory in use before: 305.2 MB.
System memory in use after: 305.3 MB.

Unloading 33 unused Assets to reduce memory usage. Loaded Objects now: 5127.
Total: 4.199700 ms (FindLiveObjects: 0.465300 ms CreateObjectMapping: 0.419700 ms MarkObjects: 3.176600 ms  DeleteObjects: 0.136600 ms)

========================================================================
Received Prepare
Registering precompiled user dll's ...
Registered in 0.002884 seconds.
Begin MonoManager ReloadAssembly
Native extension for WindowsStandalone target not found
Refreshing native plugins compatible for Editor in 0.99 ms, found 2 plugins.
Preloading 0 native plugins for Editor in 0.00 ms.
Mono: successfully reloaded assembly
- Completed reload, in  1.101 seconds
Platform modules already initialized, skipping
Shader 'Universal Render Pipeline/Particles/Lit': fallback shader 'Universal Render Pipeline/Particles/SimpleLit' not found
Refreshing native plugins compatible for Editor in 0.96 ms, found 2 plugins.
Preloading 0 native plugins for Editor in 0.00 ms.
Unloading 4498 Unused Serialized files (Serialized files now loaded: 0)
System memory in use before: 305.2 MB.
System memory in use after: 305.3 MB.

Unloading 33 unused Assets to reduce memory usage. Loaded Objects now: 5130.
Total: 5.827500 ms (FindLiveObjects: 1.554800 ms CreateObjectMapping: 1.094000 ms MarkObjects: 3.030200 ms  DeleteObjects: 0.147300 ms)

========================================================================
Received Prepare
Registering precompiled user dll's ...
Registered in 0.002908 seconds.
Begin MonoManager ReloadAssembly
Native extension for WindowsStandalone target not found
Refreshing native plugins compatible for Editor in 0.91 ms, found 2 plugins.
Preloading 0 native plugins for Editor in 0.00 ms.
Mono: successfully reloaded assembly
- Completed reload, in  1.230 seconds
Platform modules already initialized, skipping
Shader 'Universal Render Pipeline/Particles/Lit': fallback shader 'Universal Render Pipeline/Particles/SimpleLit' not found
Refreshing native plugins compatible for Editor in 0.89 ms, found 2 plugins.
Preloading 0 native plugins for Editor in 0.00 ms.
Unloading 4498 Unused Serialized files (Serialized files now loaded: 0)
System memory in use before: 305.2 MB.
System memory in use after: 305.3 MB.

Unloading 33 unused Assets to reduce memory usage. Loaded Objects now: 5133.
Total: 3.579000 ms (FindLiveObjects: 0.723300 ms CreateObjectMapping: 0.228700 ms MarkObjects: 2.455900 ms  DeleteObjects: 0.168300 ms)

========================================================================
Received Import Request.
  Time since last request: 8032.663933 seconds.
  path: Assets/Image/Callendar.png
  artifactKey: Guid(d2033767c96858945ac54a7a83297d9a) Importer(815301076,1909f56bfc062723c751e8b465ee728b)
Start importing Assets/Image/Callendar.png using Guid(d2033767c96858945ac54a7a83297d9a) Importer(815301076,1909f56bfc062723c751e8b465ee728b)  -> (artifact id: '3f6315888c1184f9d5407cf29e14d48f') in 0.165156 seconds 
========================================================================
Received Import Request.
  Time since last request: 0.005510 seconds.
  path: Assets/Image/Wardrobe-PC-Table.png
  artifactKey: Guid(d42beafbb85cc2c47b0d5693f0eb829a) Importer(815301076,1909f56bfc062723c751e8b465ee728b)
Start importing Assets/Image/Wardrobe-PC-Table.png using Guid(d42beafbb85cc2c47b0d5693f0eb829a) Importer(815301076,1909f56bfc062723c751e8b465ee728b)  -> (artifact id: '04085c8c22a813d1965931135bd01b42') in 0.115715 seconds 
========================================================================
Received Import Request.
  Time since last request: 0.006093 seconds.
  path: Assets/Image/Estantes.png
  artifactKey: Guid(0b42db936787fa948832fbe74d609966) Importer(815301076,1909f56bfc062723c751e8b465ee728b)
Start importing Assets/Image/Estantes.png using Guid(0b42db936787fa948832fbe74d609966) Importer(815301076,1909f56bfc062723c751e8b465ee728b)  -> (artifact id: '1622dbb23b0161aa3b96804a721a7ebb') in 0.120946 seconds 
========================================================================
Received Import Request.
  Time since last request: 0.005339 seconds.
  path: Assets/Image/Furniture.png
  artifactKey: Guid(185286116c089c34ca13169906fc4ade) Importer(815301076,1909f56bfc062723c751e8b465ee728b)
Start importing Assets/Image/Furniture.png using Guid(185286116c089c34ca13169906fc4ade) Importer(815301076,1909f56bfc062723c751e8b465ee728b)  -> (artifact id: '0982b989c947a4eeac5d88c64a5f9f07') in 0.107899 seconds 
========================================================================
Received Import Request.
  Time since last request: 0.005358 seconds.
  path: Assets/Image/UI.png
  artifactKey: Guid(50ec03e13acd34f4ea8bde1069cfbea6) Importer(815301076,1909f56bfc062723c751e8b465ee728b)
Start importing Assets/Image/UI.png using Guid(50ec03e13acd34f4ea8bde1069cfbea6) Importer(815301076,1909f56bfc062723c751e8b465ee728b)  -> (artifact id: '4c10e1e696d832c61af50b135cbccaeb') in 0.122698 seconds 
========================================================================
Received Import Request.
  Time since last request: 0.005435 seconds.
  path: Assets/Image/SeekPng.com_pixel-mouse-png_3985187.png
  artifactKey: Guid(ceea4ceece25a0a409810bb56bd38d34) Importer(815301076,1909f56bfc062723c751e8b465ee728b)
Start importing Assets/Image/SeekPng.com_pixel-mouse-png_3985187.png using Guid(ceea4ceece25a0a409810bb56bd38d34) Importer(815301076,1909f56bfc062723c751e8b465ee728b)  -> (artifact id: 'fdcdb38617393445d2a075ad576cdb91') in 0.066583 seconds 
========================================================================
Received Import Request.
  Time since last request: 0.005788 seconds.
  path: Assets/Image/Tile Map.png
  artifactKey: Guid(9509b5b45a285304f9d3b0f05bd7610b) Importer(815301076,1909f56bfc062723c751e8b465ee728b)
Start importing Assets/Image/Tile Map.png using Guid(9509b5b45a285304f9d3b0f05bd7610b) Importer(815301076,1909f56bfc062723c751e8b465ee728b)  -> (artifact id: '86f38b8002a608ce29a9759d293d43f0') in 0.117885 seconds 
========================================================================
Received Prepare
Registering precompiled user dll's ...
Registered in 0.003150 seconds.
Begin MonoManager ReloadAssembly
Native extension for WindowsStandalone target not found
Refreshing native plugins compatible for Editor in 0.93 ms, found 2 plugins.
Preloading 0 native plugins for Editor in 0.00 ms.
Mono: successfully reloaded assembly
- Completed reload, in  0.957 seconds
Platform modules already initialized, skipping
Shader 'Universal Render Pipeline/Particles/Lit': fallback shader 'Universal Render Pipeline/Particles/SimpleLit' not found
Refreshing native plugins compatible for Editor in 1.03 ms, found 2 plugins.
Preloading 0 native plugins for Editor in 0.00 ms.
Unloading 4505 Unused Serialized files (Serialized files now loaded: 0)
System memory in use before: 314.3 MB.
System memory in use after: 314.4 MB.

Unloading 33 unused Assets to reduce memory usage. Loaded Objects now: 5246.
Total: 3.545000 ms (FindLiveObjects: 0.429200 ms CreateObjectMapping: 0.273200 ms MarkObjects: 2.703300 ms  DeleteObjects: 0.137900 ms)

========================================================================
Received Prepare
Registering precompiled user dll's ...
Registered in 0.003076 seconds.
Begin MonoManager ReloadAssembly
Native extension for WindowsStandalone target not found
Refreshing native plugins compatible for Editor in 1.04 ms, found 2 plugins.
Preloading 0 native plugins for Editor in 0.00 ms.
Mono: successfully reloaded assembly
- Completed reload, in  1.405 seconds
Platform modules already initialized, skipping
Shader 'Universal Render Pipeline/Particles/Lit': fallback shader 'Universal Render Pipeline/Particles/SimpleLit' not found
Refreshing native plugins compatible for Editor in 0.90 ms, found 2 plugins.
Preloading 0 native plugins for Editor in 0.00 ms.
Unloading 4498 Unused Serialized files (Serialized files now loaded: 0)
System memory in use before: 314.0 MB.
System memory in use after: 314.1 MB.

Unloading 33 unused Assets to reduce memory usage. Loaded Objects now: 5249.
Total: 17.918400 ms (FindLiveObjects: 6.966500 ms CreateObjectMapping: 2.865500 ms MarkObjects: 7.792100 ms  DeleteObjects: 0.291300 ms)

========================================================================
Received Import Request.
  Time since last request: 516.468093 seconds.
  path: Assets/Scenes
  artifactKey: Guid(48ff93f3efe10c14981bb3b4f2360578) Importer(815301076,1909f56bfc062723c751e8b465ee728b)
Start importing Assets/Scenes using Guid(48ff93f3efe10c14981bb3b4f2360578) Importer(815301076,1909f56bfc062723c751e8b465ee728b)  -> (artifact id: '06694dd11aa452637fdd40466df0e254') in 0.020099 seconds 
========================================================================
Received Prepare
Registering precompiled user dll's ...
Registered in 0.003056 seconds.
Begin MonoManager ReloadAssembly
Native extension for WindowsStandalone target not found
Refreshing native plugins compatible for Editor in 0.96 ms, found 2 plugins.
Preloading 0 native plugins for Editor in 0.00 ms.
Mono: successfully reloaded assembly
- Completed reload, in  1.084 seconds
Platform modules already initialized, skipping
Shader 'Universal Render Pipeline/Particles/Lit': fallback shader 'Universal Render Pipeline/Particles/SimpleLit' not found
Refreshing native plugins compatible for Editor in 0.90 ms, found 2 plugins.
Preloading 0 native plugins for Editor in 0.00 ms.
Unloading 4498 Unused Serialized files (Serialized files now loaded: 0)
System memory in use before: 314.0 MB.
System memory in use after: 314.2 MB.

Unloading 33 unused Assets to reduce memory usage. Loaded Objects now: 5252.
Total: 6.225400 ms (FindLiveObjects: 0.820200 ms CreateObjectMapping: 0.520600 ms MarkObjects: 4.675200 ms  DeleteObjects: 0.202900 ms)

========================================================================
Received Import Request.
  Time since last request: 5.610584 seconds.
  path: Assets/Scripts
  artifactKey: Guid(3511deb722719904da02f3266e47784c) Importer(815301076,1909f56bfc062723c751e8b465ee728b)
Start importing Assets/Scripts using Guid(3511deb722719904da02f3266e47784c) Importer(815301076,1909f56bfc062723c751e8b465ee728b)  -> (artifact id: 'e511430410dfc74dee8e0eb830d85029') in 0.012243 seconds 
========================================================================
Received Import Request.
  Time since last request: 64.048249 seconds.
  path: Assets/Scripts/CurrencyHandler.cs
  artifactKey: Guid(2f22acb99c71c7b4ebc8e5a05acc7a99) Importer(815301076,1909f56bfc062723c751e8b465ee728b)
Start importing Assets/Scripts/CurrencyHandler.cs using Guid(2f22acb99c71c7b4ebc8e5a05acc7a99) Importer(815301076,1909f56bfc062723c751e8b465ee728b)  -> (artifact id: '4124c828e5048f9048c22e102f14c404') in 0.007855 seconds 
========================================================================
Received Prepare
Registering precompiled user dll's ...
Registered in 0.005120 seconds.
Begin MonoManager ReloadAssembly
Native extension for WindowsStandalone target not found
Refreshing native plugins compatible for Editor in 1.46 ms, found 2 plugins.
Preloading 0 native plugins for Editor in 0.00 ms.
Mono: successfully reloaded assembly
- Completed reload, in  1.266 seconds
Platform modules already initialized, skipping
Shader 'Universal Render Pipeline/Particles/Lit': fallback shader 'Universal Render Pipeline/Particles/SimpleLit' not found
Refreshing native plugins compatible for Editor in 1.11 ms, found 2 plugins.
Preloading 0 native plugins for Editor in 0.00 ms.
Unloading 4499 Unused Serialized files (Serialized files now loaded: 0)
System memory in use before: 314.0 MB.
System memory in use after: 314.2 MB.

Unloading 33 unused Assets to reduce memory usage. Loaded Objects now: 5256.
Total: 6.017700 ms (FindLiveObjects: 0.550600 ms CreateObjectMapping: 0.394300 ms MarkObjects: 4.780100 ms  DeleteObjects: 0.290800 ms)

========================================================================
Received Import Request.
  Time since last request: 1019.596262 seconds.
  path: Assets/Scripts/CurrencyHandler.cs
  artifactKey: Guid(2f22acb99c71c7b4ebc8e5a05acc7a99) Importer(815301076,1909f56bfc062723c751e8b465ee728b)
Start importing Assets/Scripts/CurrencyHandler.cs using Guid(2f22acb99c71c7b4ebc8e5a05acc7a99) Importer(815301076,1909f56bfc062723c751e8b465ee728b)  -> (artifact id: '9bb957cc1d3070e00ff3ede59ae0a187') in 0.011333 seconds 
========================================================================
Received Prepare
Registering precompiled user dll's ...
Registered in 0.003703 seconds.
Begin MonoManager ReloadAssembly
Native extension for WindowsStandalone target not found
Refreshing native plugins compatible for Editor in 0.99 ms, found 2 plugins.
Preloading 0 native plugins for Editor in 0.00 ms.
Mono: successfully reloaded assembly
- Completed reload, in  1.102 seconds
Platform modules already initialized, skipping
Shader 'Universal Render Pipeline/Particles/Lit': fallback shader 'Universal Render Pipeline/Particles/SimpleLit' not found
Refreshing native plugins compatible for Editor in 1.71 ms, found 2 plugins.
Preloading 0 native plugins for Editor in 0.00 ms.
Unloading 4499 Unused Serialized files (Serialized files now loaded: 0)
System memory in use before: 314.1 MB.
System memory in use after: 314.2 MB.

Unloading 33 unused Assets to reduce memory usage. Loaded Objects now: 5259.
Total: 4.050900 ms (FindLiveObjects: 0.678300 ms CreateObjectMapping: 0.355500 ms MarkObjects: 2.885800 ms  DeleteObjects: 0.130100 ms)

========================================================================
Received Prepare
Registering precompiled user dll's ...
Registered in 0.003073 seconds.
Begin MonoManager ReloadAssembly
Native extension for WindowsStandalone target not found
Refreshing native plugins compatible for Editor in 1.76 ms, found 2 plugins.
Preloading 0 native plugins for Editor in 0.00 ms.
Mono: successfully reloaded assembly
- Completed reload, in  1.379 seconds
Platform modules already initialized, skipping
Shader 'Universal Render Pipeline/Particles/Lit': fallback shader 'Universal Render Pipeline/Particles/SimpleLit' not found
Refreshing native plugins compatible for Editor in 0.89 ms, found 2 plugins.
Preloading 0 native plugins for Editor in 0.00 ms.
Unloading 4499 Unused Serialized files (Serialized files now loaded: 0)
System memory in use before: 314.1 MB.
System memory in use after: 314.2 MB.

Unloading 33 unused Assets to reduce memory usage. Loaded Objects now: 5262.
Total: 3.550600 ms (FindLiveObjects: 0.498300 ms CreateObjectMapping: 0.319900 ms MarkObjects: 2.595000 ms  DeleteObjects: 0.136300 ms)

========================================================================
Received Prepare
Registering precompiled user dll's ...
Registered in 0.003206 seconds.
Begin MonoManager ReloadAssembly
Native extension for WindowsStandalone target not found
Refreshing native plugins compatible for Editor in 0.90 ms, found 2 plugins.
Preloading 0 native plugins for Editor in 0.00 ms.
Mono: successfully reloaded assembly
- Completed reload, in  1.117 seconds
Platform modules already initialized, skipping
Shader 'Universal Render Pipeline/Particles/Lit': fallback shader 'Universal Render Pipeline/Particles/SimpleLit' not found
Refreshing native plugins compatible for Editor in 0.94 ms, found 2 plugins.
Preloading 0 native plugins for Editor in 0.00 ms.
Unloading 4499 Unused Serialized files (Serialized files now loaded: 0)
System memory in use before: 314.1 MB.
System memory in use after: 314.2 MB.

Unloading 33 unused Assets to reduce memory usage. Loaded Objects now: 5265.
Total: 3.624600 ms (FindLiveObjects: 0.458400 ms CreateObjectMapping: 0.282500 ms MarkObjects: 2.671700 ms  DeleteObjects: 0.210600 ms)

========================================================================
Received Prepare
Registering precompiled user dll's ...
Registered in 0.003112 seconds.
Begin MonoManager ReloadAssembly
Native extension for WindowsStandalone target not found
Refreshing native plugins compatible for Editor in 0.93 ms, found 2 plugins.
Preloading 0 native plugins for Editor in 0.00 ms.
Mono: successfully reloaded assembly
- Completed reload, in  1.266 seconds
Platform modules already initialized, skipping
Shader 'Universal Render Pipeline/Particles/Lit': fallback shader 'Universal Render Pipeline/Particles/SimpleLit' not found
Refreshing native plugins compatible for Editor in 2.06 ms, found 2 plugins.
Preloading 0 native plugins for Editor in 0.00 ms.
Unloading 4499 Unused Serialized files (Serialized files now loaded: 0)
System memory in use before: 314.1 MB.
System memory in use after: 314.2 MB.

Unloading 33 unused Assets to reduce memory usage. Loaded Objects now: 5268.
Total: 23.532000 ms (FindLiveObjects: 0.989000 ms CreateObjectMapping: 0.354700 ms MarkObjects: 22.011800 ms  DeleteObjects: 0.175300 ms)

========================================================================
Received Prepare
Registering precompiled user dll's ...
Registered in 0.006322 seconds.
Begin MonoManager ReloadAssembly
Native extension for WindowsStandalone target not found
Refreshing native plugins compatible for Editor in 1.09 ms, found 2 plugins.
Preloading 0 native plugins for Editor in 0.00 ms.
Mono: successfully reloaded assembly
- Completed reload, in  1.437 seconds
Platform modules already initialized, skipping
Shader 'Universal Render Pipeline/Particles/Lit': fallback shader 'Universal Render Pipeline/Particles/SimpleLit' not found
Refreshing native plugins compatible for Editor in 1.08 ms, found 2 plugins.
Preloading 0 native plugins for Editor in 0.00 ms.
Unloading 4499 Unused Serialized files (Serialized files now loaded: 0)
System memory in use before: 314.1 MB.
System memory in use after: 314.2 MB.

Unloading 33 unused Assets to reduce memory usage. Loaded Objects now: 5271.
Total: 4.561800 ms (FindLiveObjects: 0.691700 ms CreateObjectMapping: 0.394800 ms MarkObjects: 3.290600 ms  DeleteObjects: 0.183300 ms)

========================================================================
Received Prepare
Registering precompiled user dll's ...
Registered in 0.004053 seconds.
Begin MonoManager ReloadAssembly
Native extension for WindowsStandalone target not found
Refreshing native plugins compatible for Editor in 1.08 ms, found 2 plugins.
Preloading 0 native plugins for Editor in 0.00 ms.
Mono: successfully reloaded assembly
- Completed reload, in  1.409 seconds
Platform modules already initialized, skipping
Shader 'Universal Render Pipeline/Particles/Lit': fallback shader 'Universal Render Pipeline/Particles/SimpleLit' not found
Refreshing native plugins compatible for Editor in 1.12 ms, found 2 plugins.
Preloading 0 native plugins for Editor in 0.00 ms.
Unloading 4499 Unused Serialized files (Serialized files now loaded: 0)
System memory in use before: 314.1 MB.
System memory in use after: 314.2 MB.

Unloading 33 unused Assets to reduce memory usage. Loaded Objects now: 5274.
Total: 4.217900 ms (FindLiveObjects: 0.500700 ms CreateObjectMapping: 0.364600 ms MarkObjects: 3.195100 ms  DeleteObjects: 0.156300 ms)

========================================================================
Received Prepare
Registering precompiled user dll's ...
Registered in 0.008650 seconds.
Begin MonoManager ReloadAssembly
Native extension for WindowsStandalone target not found
Refreshing native plugins compatible for Editor in 1.06 ms, found 2 plugins.
Preloading 0 native plugins for Editor in 0.00 ms.
Mono: successfully reloaded assembly
- Completed reload, in  1.797 seconds
Platform modules already initialized, skipping
Shader 'Universal Render Pipeline/Particles/Lit': fallback shader 'Universal Render Pipeline/Particles/SimpleLit' not found
Refreshing native plugins compatible for Editor in 1.21 ms, found 2 plugins.
Preloading 0 native plugins for Editor in 0.00 ms.
Unloading 4499 Unused Serialized files (Serialized files now loaded: 0)
System memory in use before: 314.2 MB.
System memory in use after: 314.3 MB.

Unloading 33 unused Assets to reduce memory usage. Loaded Objects now: 5277.
Total: 3.908600 ms (FindLiveObjects: 0.502900 ms CreateObjectMapping: 0.335400 ms MarkObjects: 2.912800 ms  DeleteObjects: 0.156300 ms)

========================================================================
Received Prepare
Registering precompiled user dll's ...
Registered in 0.003079 seconds.
Begin MonoManager ReloadAssembly
Native extension for WindowsStandalone target not found
Refreshing native plugins compatible for Editor in 1.01 ms, found 2 plugins.
Preloading 0 native plugins for Editor in 0.00 ms.
Mono: successfully reloaded assembly
- Completed reload, in  1.105 seconds
Platform modules already initialized, skipping
Shader 'Universal Render Pipeline/Particles/Lit': fallback shader 'Universal Render Pipeline/Particles/SimpleLit' not found
Refreshing native plugins compatible for Editor in 1.09 ms, found 2 plugins.
Preloading 0 native plugins for Editor in 0.00 ms.
Unloading 4499 Unused Serialized files (Serialized files now loaded: 0)
System memory in use before: 314.2 MB.
System memory in use after: 314.3 MB.

Unloading 33 unused Assets to reduce memory usage. Loaded Objects now: 5280.
Total: 7.133800 ms (FindLiveObjects: 0.851400 ms CreateObjectMapping: 0.503200 ms MarkObjects: 5.548900 ms  DeleteObjects: 0.228800 ms)

========================================================================
Received Prepare
Registering precompiled user dll's ...
Registered in 0.005498 seconds.
Begin MonoManager ReloadAssembly
Native extension for WindowsStandalone target not found
Refreshing native plugins compatible for Editor in 2.81 ms, found 2 plugins.
Preloading 0 native plugins for Editor in 0.00 ms.
Mono: successfully reloaded assembly
- Completed reload, in  1.502 seconds
Platform modules already initialized, skipping
Shader 'Universal Render Pipeline/Particles/Lit': fallback shader 'Universal Render Pipeline/Particles/SimpleLit' not found
Refreshing native plugins compatible for Editor in 1.43 ms, found 2 plugins.
Preloading 0 native plugins for Editor in 0.00 ms.
Unloading 4499 Unused Serialized files (Serialized files now loaded: 0)
System memory in use before: 314.2 MB.
System memory in use after: 314.3 MB.

Unloading 33 unused Assets to reduce memory usage. Loaded Objects now: 5283.
Total: 7.319000 ms (FindLiveObjects: 1.055500 ms CreateObjectMapping: 0.752100 ms MarkObjects: 5.326500 ms  DeleteObjects: 0.183400 ms)

========================================================================
Received Prepare
Registering precompiled user dll's ...
Registered in 0.003271 seconds.
Begin MonoManager ReloadAssembly
Native extension for WindowsStandalone target not found
Refreshing native plugins compatible for Editor in 1.94 ms, found 2 plugins.
Preloading 0 native plugins for Editor in 0.00 ms.
Mono: successfully reloaded assembly
- Completed reload, in  1.528 seconds
Platform modules already initialized, skipping
Shader 'Universal Render Pipeline/Particles/Lit': fallback shader 'Universal Render Pipeline/Particles/SimpleLit' not found
Refreshing native plugins compatible for Editor in 2.24 ms, found 2 plugins.
Preloading 0 native plugins for Editor in 0.00 ms.
Unloading 4499 Unused Serialized files (Serialized files now loaded: 0)
System memory in use before: 314.2 MB.
System memory in use after: 314.3 MB.

Unloading 33 unused Assets to reduce memory usage. Loaded Objects now: 5286.
Total: 5.729600 ms (FindLiveObjects: 0.647300 ms CreateObjectMapping: 0.528600 ms MarkObjects: 4.308900 ms  DeleteObjects: 0.243000 ms)

========================================================================
Received Prepare
Registering precompiled user dll's ...
Registered in 0.003624 seconds.
Begin MonoManager ReloadAssembly
Native extension for WindowsStandalone target not found
Refreshing native plugins compatible for Editor in 1.87 ms, found 2 plugins.
Preloading 0 native plugins for Editor in 0.00 ms.
Mono: successfully reloaded assembly
- Completed reload, in  1.983 seconds
Platform modules already initialized, skipping
Shader 'Universal Render Pipeline/Particles/Lit': fallback shader 'Universal Render Pipeline/Particles/SimpleLit' not found
Refreshing native plugins compatible for Editor in 1.41 ms, found 2 plugins.
Preloading 0 native plugins for Editor in 0.00 ms.
Unloading 4499 Unused Serialized files (Serialized files now loaded: 0)
System memory in use before: 314.2 MB.
System memory in use after: 314.3 MB.

Unloading 33 unused Assets to reduce memory usage. Loaded Objects now: 5289.
Total: 6.225000 ms (FindLiveObjects: 0.562500 ms CreateObjectMapping: 0.741400 ms MarkObjects: 4.745500 ms  DeleteObjects: 0.174000 ms)

========================================================================
Received Prepare
Registering precompiled user dll's ...
Registered in 0.006127 seconds.
Begin MonoManager ReloadAssembly
Native extension for WindowsStandalone target not found
Refreshing native plugins compatible for Editor in 1.74 ms, found 2 plugins.
Preloading 0 native plugins for Editor in 0.00 ms.
Mono: successfully reloaded assembly
- Completed reload, in  2.083 seconds
Platform modules already initialized, skipping
Shader 'Universal Render Pipeline/Particles/Lit': fallback shader 'Universal Render Pipeline/Particles/SimpleLit' not found
Refreshing native plugins compatible for Editor in 1.29 ms, found 2 plugins.
Preloading 0 native plugins for Editor in 0.00 ms.
Unloading 4499 Unused Serialized files (Serialized files now loaded: 0)
System memory in use before: 314.2 MB.
System memory in use after: 314.3 MB.

Unloading 33 unused Assets to reduce memory usage. Loaded Objects now: 5292.
Total: 7.738500 ms (FindLiveObjects: 1.349800 ms CreateObjectMapping: 1.500600 ms MarkObjects: 4.688900 ms  DeleteObjects: 0.197400 ms)

========================================================================
Received Prepare
Registering precompiled user dll's ...
Registered in 0.003003 seconds.
Begin MonoManager ReloadAssembly
Native extension for WindowsStandalone target not found
Refreshing native plugins compatible for Editor in 1.93 ms, found 2 plugins.
Preloading 0 native plugins for Editor in 0.00 ms.
Mono: successfully reloaded assembly
- Completed reload, in  1.525 seconds
Platform modules already initialized, skipping
Shader 'Universal Render Pipeline/Particles/Lit': fallback shader 'Universal Render Pipeline/Particles/SimpleLit' not found
Refreshing native plugins compatible for Editor in 1.10 ms, found 2 plugins.
Preloading 0 native plugins for Editor in 0.00 ms.
Unloading 4499 Unused Serialized files (Serialized files now loaded: 0)
System memory in use before: 314.2 MB.
System memory in use after: 314.3 MB.

Unloading 33 unused Assets to reduce memory usage. Loaded Objects now: 5295.
Total: 5.062000 ms (FindLiveObjects: 0.970900 ms CreateObjectMapping: 0.536600 ms MarkObjects: 3.410700 ms  DeleteObjects: 0.141400 ms)

========================================================================
Received Prepare
Registering precompiled user dll's ...
Registered in 0.003200 seconds.
Begin MonoManager ReloadAssembly
Native extension for WindowsStandalone target not found
Refreshing native plugins compatible for Editor in 0.98 ms, found 2 plugins.
Preloading 0 native plugins for Editor in 0.00 ms.
Mono: successfully reloaded assembly
- Completed reload, in  1.115 seconds
Platform modules already initialized, skipping
Shader 'Universal Render Pipeline/Particles/Lit': fallback shader 'Universal Render Pipeline/Particles/SimpleLit' not found
Refreshing native plugins compatible for Editor in 1.11 ms, found 2 plugins.
Preloading 0 native plugins for Editor in 0.00 ms.
Unloading 4499 Unused Serialized files (Serialized files now loaded: 0)
System memory in use before: 314.2 MB.
System memory in use after: 314.4 MB.

Unloading 33 unused Assets to reduce memory usage. Loaded Objects now: 5298.
Total: 5.075700 ms (FindLiveObjects: 1.119200 ms CreateObjectMapping: 0.656400 ms MarkObjects: 3.124900 ms  DeleteObjects: 0.173400 ms)

========================================================================
Received Prepare
Registering precompiled user dll's ...
Registered in 0.003305 seconds.
Begin MonoManager ReloadAssembly
Native extension for WindowsStandalone target not found
Refreshing native plugins compatible for Editor in 1.04 ms, found 2 plugins.
Preloading 0 native plugins for Editor in 0.00 ms.
Mono: successfully reloaded assembly
- Completed reload, in  1.405 seconds
Platform modules already initialized, skipping
Shader 'Universal Render Pipeline/Particles/Lit': fallback shader 'Universal Render Pipeline/Particles/SimpleLit' not found
Refreshing native plugins compatible for Editor in 1.00 ms, found 2 plugins.
Preloading 0 native plugins for Editor in 0.00 ms.
Unloading 4499 Unused Serialized files (Serialized files now loaded: 0)
System memory in use before: 314.2 MB.
System memory in use after: 314.4 MB.

Unloading 33 unused Assets to reduce memory usage. Loaded Objects now: 5301.
Total: 4.189400 ms (FindLiveObjects: 0.539100 ms CreateObjectMapping: 0.390100 ms MarkObjects: 3.102500 ms  DeleteObjects: 0.156100 ms)

========================================================================
Received Prepare
Registering precompiled user dll's ...
Registered in 0.003266 seconds.
Begin MonoManager ReloadAssembly
Native extension for WindowsStandalone target not found
Refreshing native plugins compatible for Editor in 1.33 ms, found 2 plugins.
Preloading 0 native plugins for Editor in 0.00 ms.
Mono: successfully reloaded assembly
- Completed reload, in  1.091 seconds
Platform modules already initialized, skipping
Shader 'Universal Render Pipeline/Particles/Lit': fallback shader 'Universal Render Pipeline/Particles/SimpleLit' not found
Refreshing native plugins compatible for Editor in 1.71 ms, found 2 plugins.
Preloading 0 native plugins for Editor in 0.00 ms.
Unloading 4499 Unused Serialized files (Serialized files now loaded: 0)
System memory in use before: 314.2 MB.
System memory in use after: 314.4 MB.

Unloading 33 unused Assets to reduce memory usage. Loaded Objects now: 5304.
Total: 4.551300 ms (FindLiveObjects: 0.589800 ms CreateObjectMapping: 0.672900 ms MarkObjects: 3.116300 ms  DeleteObjects: 0.170600 ms)

========================================================================
Received Prepare
Registering precompiled user dll's ...
Registered in 0.002912 seconds.
Begin MonoManager ReloadAssembly
Native extension for WindowsStandalone target not found
Refreshing native plugins compatible for Editor in 1.63 ms, found 2 plugins.
Preloading 0 native plugins for Editor in 0.00 ms.
Mono: successfully reloaded assembly
- Completed reload, in  2.066 seconds
Platform modules already initialized, skipping
Shader 'Universal Render Pipeline/Particles/Lit': fallback shader 'Universal Render Pipeline/Particles/SimpleLit' not found
Refreshing native plugins compatible for Editor in 2.13 ms, found 2 plugins.
Preloading 0 native plugins for Editor in 0.00 ms.
Unloading 4499 Unused Serialized files (Serialized files now loaded: 0)
System memory in use before: 314.2 MB.
System memory in use after: 314.4 MB.

Unloading 33 unused Assets to reduce memory usage. Loaded Objects now: 5307.
Total: 6.160300 ms (FindLiveObjects: 0.638200 ms CreateObjectMapping: 0.460100 ms MarkObjects: 4.838000 ms  DeleteObjects: 0.222100 ms)

========================================================================
Received Prepare
Registering precompiled user dll's ...
Registered in 0.003352 seconds.
Begin MonoManager ReloadAssembly
Native extension for WindowsStandalone target not found
Refreshing native plugins compatible for Editor in 0.95 ms, found 2 plugins.
Preloading 0 native plugins for Editor in 0.00 ms.
Mono: successfully reloaded assembly
- Completed reload, in  1.111 seconds
Platform modules already initialized, skipping
Shader 'Universal Render Pipeline/Particles/Lit': fallback shader 'Universal Render Pipeline/Particles/SimpleLit' not found
Refreshing native plugins compatible for Editor in 2.26 ms, found 2 plugins.
Preloading 0 native plugins for Editor in 0.00 ms.
Unloading 4499 Unused Serialized files (Serialized files now loaded: 0)
System memory in use before: 314.2 MB.
System memory in use after: 314.4 MB.

Unloading 33 unused Assets to reduce memory usage. Loaded Objects now: 5310.
Total: 4.599200 ms (FindLiveObjects: 0.495700 ms CreateObjectMapping: 0.336400 ms MarkObjects: 3.637100 ms  DeleteObjects: 0.127900 ms)

========================================================================
Received Prepare
Registering precompiled user dll's ...
Registered in 0.003461 seconds.
Begin MonoManager ReloadAssembly
Native extension for WindowsStandalone target not found
Refreshing native plugins compatible for Editor in 1.03 ms, found 2 plugins.
Preloading 0 native plugins for Editor in 0.00 ms.
Mono: successfully reloaded assembly
- Completed reload, in  1.014 seconds
Platform modules already initialized, skipping
Shader 'Universal Render Pipeline/Particles/Lit': fallback shader 'Universal Render Pipeline/Particles/SimpleLit' not found
Refreshing native plugins compatible for Editor in 0.87 ms, found 2 plugins.
Preloading 0 native plugins for Editor in 0.00 ms.
Unloading 4499 Unused Serialized files (Serialized files now loaded: 0)
System memory in use before: 314.3 MB.
System memory in use after: 314.4 MB.

Unloading 33 unused Assets to reduce memory usage. Loaded Objects now: 5313.
Total: 3.535800 ms (FindLiveObjects: 0.529400 ms CreateObjectMapping: 0.278800 ms MarkObjects: 2.553100 ms  DeleteObjects: 0.173200 ms)

========================================================================
Received Prepare
Registering precompiled user dll's ...
Registered in 0.006390 seconds.
Begin MonoManager ReloadAssembly
Native extension for WindowsStandalone target not found
Refreshing native plugins compatible for Editor in 1.50 ms, found 2 plugins.
Preloading 0 native plugins for Editor in 0.00 ms.
Mono: successfully reloaded assembly
- Completed reload, in  2.195 seconds
Platform modules already initialized, skipping
Shader 'Universal Render Pipeline/Particles/Lit': fallback shader 'Universal Render Pipeline/Particles/SimpleLit' not found
Refreshing native plugins compatible for Editor in 1.16 ms, found 2 plugins.
Preloading 0 native plugins for Editor in 0.00 ms.
Unloading 4499 Unused Serialized files (Serialized files now loaded: 0)
System memory in use before: 314.3 MB.
System memory in use after: 314.4 MB.

Unloading 33 unused Assets to reduce memory usage. Loaded Objects now: 5316.
Total: 4.541100 ms (FindLiveObjects: 0.637100 ms CreateObjectMapping: 0.359700 ms MarkObjects: 3.382200 ms  DeleteObjects: 0.160200 ms)

AssetImportWorkerClient::OnTransportError - code=2 error=End of file
